2021-06-11 08:22:46,108 INFO org.springframework.boot.admin.SpringApplicationAdminMXBeanRegistrar$SpringApplicationAdmin [RMI TCP Connection(20)-127.0.0.1] Application shutdown requested.
2021-06-11 08:22:46,116 INFO org.apache.camel.impl.engine.AbstractCamelContext [RMI TCP Connection(20)-127.0.0.1] Apache Camel 3.10.0 (camel-1) shutting down (timeout:45s)
2021-06-11 08:22:46,116 INFO org.apache.camel.impl.engine.AbstractCamelContext [RMI TCP Connection(20)-127.0.0.1] Routes shutdown summary (total:5 stopped:5)
2021-06-11 08:22:46,116 INFO org.apache.camel.impl.engine.AbstractCamelContext [RMI TCP Connection(20)-127.0.0.1]     Stopped route5 (direct://dead)
2021-06-11 08:22:46,132 INFO org.apache.camel.impl.engine.AbstractCamelContext [RMI TCP Connection(20)-127.0.0.1]     Stopped route4 (direct://email)
2021-06-11 08:22:46,132 INFO org.apache.camel.impl.engine.AbstractCamelContext [RMI TCP Connection(20)-127.0.0.1]     Stopped route3 (direct://ftp)
2021-06-11 08:22:46,132 INFO org.apache.camel.impl.engine.AbstractCamelContext [RMI TCP Connection(20)-127.0.0.1]     Stopped route2 (direct://sendmethod)
2021-06-11 08:22:46,132 INFO org.apache.camel.impl.engine.AbstractCamelContext [RMI TCP Connection(20)-127.0.0.1]     Stopped route1 (timer://timer1)
2021-06-11 08:22:46,132 INFO org.apache.camel.impl.engine.AbstractCamelContext [RMI TCP Connection(20)-127.0.0.1] Apache Camel 3.10.0 (camel-1) shutdown in 16ms (uptime:16m36s)
2021-06-11 08:22:46,961 INFO org.springframework.orm.jpa.AbstractEntityManagerFactoryBean [RMI TCP Connection(20)-127.0.0.1] Closing JPA EntityManagerFactory for persistence unit 'default'
2021-06-11 08:22:46,961 INFO com.zaxxer.hikari.HikariDataSource [RMI TCP Connection(20)-127.0.0.1] HikariPool-1 - Shutdown initiated...
2021-06-11 08:22:46,977 INFO com.zaxxer.hikari.HikariDataSource [RMI TCP Connection(20)-127.0.0.1] HikariPool-1 - Shutdown completed.
2021-06-11 08:22:51,435 INFO org.springframework.data.repository.config.RepositoryConfigurationDelegate [main] Bootstrapping Spring Data JPA repositories in DEFAULT mode.
2021-06-11 08:22:51,488 INFO org.springframework.data.repository.config.RepositoryConfigurationDelegate [main] Finished Spring Data repository scanning in 47 ms. Found 3 JPA repository interfaces.
2021-06-11 08:22:51,974 INFO org.springframework.boot.web.embedded.tomcat.TomcatWebServer [main] Tomcat initialized with port(s): 8080 (http)
2021-06-11 08:22:51,979 INFO org.apache.juli.logging.DirectJDKLog [main] Initializing ProtocolHandler ["http-nio-8080"]
2021-06-11 08:22:51,979 INFO org.apache.juli.logging.DirectJDKLog [main] Starting service [Tomcat]
2021-06-11 08:22:51,979 INFO org.apache.juli.logging.DirectJDKLog [main] Starting Servlet engine: [Apache Tomcat/9.0.46]
2021-06-11 08:22:52,105 INFO org.apache.juli.logging.DirectJDKLog [main] Initializing Spring embedded WebApplicationContext
2021-06-11 08:22:52,105 INFO org.springframework.boot.web.servlet.context.ServletWebServerApplicationContext [main] Root WebApplicationContext: initialization completed in 1350 ms
2021-06-11 08:22:52,290 INFO com.zaxxer.hikari.HikariDataSource [main] HikariPool-1 - Starting...
2021-06-11 08:22:52,648 INFO com.zaxxer.hikari.HikariDataSource [main] HikariPool-1 - Start completed.
2021-06-11 08:22:52,695 INFO org.hibernate.jpa.internal.util.LogHelper [main] HHH000204: Processing PersistenceUnitInfo [name: default]
2021-06-11 08:22:52,744 INFO org.hibernate.Version [main] HHH000412: Hibernate ORM core version 5.4.31.Final
2021-06-11 08:22:52,910 INFO org.hibernate.annotations.common.reflection.java.JavaReflectionManager [main] HCANN000001: Hibernate Commons Annotations {5.1.2.Final}
2021-06-11 08:22:53,045 INFO org.hibernate.dialect.Dialect [main] HHH000400: Using dialect: org.hibernate.dialect.Oracle12cDialect
2021-06-11 08:22:53,709 INFO org.hibernate.engine.transaction.jta.platform.internal.JtaPlatformInitiator [main] HHH000490: Using JtaPlatform implementation: [org.hibernate.engine.transaction.jta.platform.internal.NoJtaPlatform]
2021-06-11 08:22:53,725 INFO org.springframework.orm.jpa.AbstractEntityManagerFactoryBean [main] Initialized JPA EntityManagerFactory for persistence unit 'default'
2021-06-11 08:22:54,465 WARN org.springframework.boot.autoconfigure.orm.jpa.JpaBaseConfiguration$JpaWebConfiguration [main] spring.jpa.open-in-view is enabled by default. Therefore, database queries may be performed during view rendering. Explicitly configure spring.jpa.open-in-view to disable this warning
2021-06-11 08:22:54,797 WARN org.apache.camel.impl.engine.DefaultCamelBeanPostProcessor [main] No CamelContext defined yet so cannot inject into bean: org.apache.camel.spring.converter.ResourceConverterLoader
2021-06-11 08:22:54,797 WARN org.apache.camel.impl.engine.DefaultCamelBeanPostProcessor [main] No CamelContext defined yet so cannot inject into bean: org.apache.camel.converter.CamelBaseBulkConverterLoader
2021-06-11 08:22:54,812 WARN org.apache.camel.impl.engine.DefaultCamelBeanPostProcessor [main] No CamelContext defined yet so cannot inject into bean: org.apache.camel.converter.jaxp.CamelXmlJaxpBulkConverterLoader
2021-06-11 08:22:54,812 WARN org.apache.camel.impl.engine.DefaultCamelBeanPostProcessor [main] No CamelContext defined yet so cannot inject into bean: org.apache.camel.component.file.GenericFileConverterLoader
2021-06-11 08:22:54,812 WARN org.apache.camel.impl.engine.DefaultCamelBeanPostProcessor [main] No CamelContext defined yet so cannot inject into bean: org.apache.camel.component.mail.MailConvertersLoader
2021-06-11 08:22:54,812 WARN org.apache.camel.impl.engine.DefaultCamelBeanPostProcessor [main] No CamelContext defined yet so cannot inject into bean: org.apache.camel.converter.stream.StreamCacheBulkConverterLoader
2021-06-11 08:22:54,812 WARN org.apache.camel.impl.engine.DefaultCamelBeanPostProcessor [main] No CamelContext defined yet so cannot inject into bean: org.apache.camel.attachment.AttachmentConverterLoader
2021-06-11 08:22:55,066 INFO org.apache.juli.logging.DirectJDKLog [main] Starting ProtocolHandler ["http-nio-8080"]
2021-06-11 08:22:55,082 INFO org.springframework.boot.web.embedded.tomcat.TomcatWebServer [main] Tomcat started on port(s): 8080 (http) with context path ''
2021-06-11 08:22:55,429 INFO org.apache.camel.impl.engine.AbstractCamelContext [main] Routes startup summary (total:5 started:5)
2021-06-11 08:22:55,429 INFO org.apache.camel.impl.engine.AbstractCamelContext [main]     Started route1 (timer://timer1)
2021-06-11 08:22:55,429 INFO org.apache.camel.impl.engine.AbstractCamelContext [main]     Started route2 (direct://sendmethod)
2021-06-11 08:22:55,429 INFO org.apache.camel.impl.engine.AbstractCamelContext [main]     Started route3 (direct://ftp)
2021-06-11 08:22:55,429 INFO org.apache.camel.impl.engine.AbstractCamelContext [main]     Started route4 (direct://email)
2021-06-11 08:22:55,429 INFO org.apache.camel.impl.engine.AbstractCamelContext [main]     Started route5 (direct://dead)
2021-06-11 08:22:55,429 INFO org.apache.camel.impl.engine.AbstractCamelContext [main] Apache Camel 3.10.0 (camel-1) started in 294ms (build:63ms init:185ms start:46ms)
2021-06-11 08:23:08,221 INFO org.apache.camel.spi.CamelLogger [Camel (camel-1) thread #0 - timer://timer1] com.sun.mail.util.MailConnectException: Couldn't connect to host, port: smtp-relay.sendinblue.com, 587; timeout 30000;
  nested exception is:
	java.net.UnknownHostException: smtp-relay.sendinblue.com
	at com.sun.mail.smtp.SMTPTransport.openServer(SMTPTransport.java:2210)
	at com.sun.mail.smtp.SMTPTransport.protocolConnect(SMTPTransport.java:722)
	at javax.mail.Service.connect(Service.java:342)
	at org.apache.camel.component.mail.DefaultJavaMailSender.send(DefaultJavaMailSender.java:153)
	at org.apache.camel.component.mail.MailProducer.process(MailProducer.java:71)
	at org.apache.camel.processor.SendDynamicProcessor.lambda$process$0(SendDynamicProcessor.java:197)
	at org.apache.camel.support.cache.DefaultProducerCache.doInAsyncProducer(DefaultProducerCache.java:318)
	at org.apache.camel.processor.SendDynamicProcessor.process(SendDynamicProcessor.java:182)
	at org.apache.camel.processor.errorhandler.RedeliveryErrorHandler$RedeliveryTask.doRun(RedeliveryErrorHandler.java:804)
	at org.apache.camel.processor.errorhandler.RedeliveryErrorHandler$RedeliveryTask.run(RedeliveryErrorHandler.java:712)
	at org.apache.camel.impl.engine.DefaultReactiveExecutor$Worker.schedule(DefaultReactiveExecutor.java:179)
	at org.apache.camel.impl.engine.DefaultReactiveExecutor.scheduleMain(DefaultReactiveExecutor.java:64)
	at org.apache.camel.processor.Pipeline.process(Pipeline.java:184)
	at org.apache.camel.impl.engine.CamelInternalProcessor.process(CamelInternalProcessor.java:398)
	at org.apache.camel.component.timer.TimerConsumer.sendTimerExchange(TimerConsumer.java:209)
	at org.apache.camel.component.timer.TimerConsumer$1.run(TimerConsumer.java:76)
	at java.util.TimerThread.mainLoop(Timer.java:555)
	at java.util.TimerThread.run(Timer.java:505)
Caused by: java.net.UnknownHostException: smtp-relay.sendinblue.com
	at java.net.AbstractPlainSocketImpl.connect(AbstractPlainSocketImpl.java:184)
	at java.net.PlainSocketImpl.connect(PlainSocketImpl.java:172)
	at java.net.SocksSocketImpl.connect(SocksSocketImpl.java:392)
	at java.net.Socket.connect(Socket.java:589)
	at com.sun.mail.util.SocketFetcher.createSocket(SocketFetcher.java:333)
	at com.sun.mail.util.SocketFetcher.getSocket(SocketFetcher.java:214)
	at com.sun.mail.smtp.SMTPTransport.openServer(SMTPTransport.java:2160)
	... 17 more

2021-06-11 08:24:12,423 INFO org.springframework.boot.admin.SpringApplicationAdminMXBeanRegistrar$SpringApplicationAdmin [RMI TCP Connection(4)-127.0.0.1] Application shutdown requested.
2021-06-11 08:24:12,429 INFO org.apache.camel.impl.engine.AbstractCamelContext [RMI TCP Connection(4)-127.0.0.1] Apache Camel 3.10.0 (camel-1) shutting down (timeout:45s)
2021-06-11 08:24:12,445 INFO org.apache.camel.impl.engine.AbstractCamelContext [RMI TCP Connection(4)-127.0.0.1] Routes shutdown summary (total:5 stopped:5)
2021-06-11 08:24:12,445 INFO org.apache.camel.impl.engine.AbstractCamelContext [RMI TCP Connection(4)-127.0.0.1]     Stopped route5 (direct://dead)
2021-06-11 08:24:12,445 INFO org.apache.camel.impl.engine.AbstractCamelContext [RMI TCP Connection(4)-127.0.0.1]     Stopped route4 (direct://email)
2021-06-11 08:24:12,445 INFO org.apache.camel.impl.engine.AbstractCamelContext [RMI TCP Connection(4)-127.0.0.1]     Stopped route3 (direct://ftp)
2021-06-11 08:24:12,445 INFO org.apache.camel.impl.engine.AbstractCamelContext [RMI TCP Connection(4)-127.0.0.1]     Stopped route2 (direct://sendmethod)
2021-06-11 08:24:12,445 INFO org.apache.camel.impl.engine.AbstractCamelContext [RMI TCP Connection(4)-127.0.0.1]     Stopped route1 (timer://timer1)
2021-06-11 08:24:12,445 INFO org.apache.camel.impl.engine.AbstractCamelContext [RMI TCP Connection(4)-127.0.0.1] Apache Camel 3.10.0 (camel-1) shutdown in 16ms (uptime:1m17s)
2021-06-11 08:24:13,301 INFO org.springframework.orm.jpa.AbstractEntityManagerFactoryBean [RMI TCP Connection(4)-127.0.0.1] Closing JPA EntityManagerFactory for persistence unit 'default'
2021-06-11 08:24:13,301 INFO com.zaxxer.hikari.HikariDataSource [RMI TCP Connection(4)-127.0.0.1] HikariPool-1 - Shutdown initiated...
2021-06-11 08:24:13,317 INFO com.zaxxer.hikari.HikariDataSource [RMI TCP Connection(4)-127.0.0.1] HikariPool-1 - Shutdown completed.
2021-06-11 08:24:17,711 INFO org.springframework.data.repository.config.RepositoryConfigurationDelegate [main] Bootstrapping Spring Data JPA repositories in DEFAULT mode.
2021-06-11 08:24:17,774 INFO org.springframework.data.repository.config.RepositoryConfigurationDelegate [main] Finished Spring Data repository scanning in 48 ms. Found 3 JPA repository interfaces.
2021-06-11 08:24:18,244 INFO org.springframework.boot.web.embedded.tomcat.TomcatWebServer [main] Tomcat initialized with port(s): 8080 (http)
2021-06-11 08:24:18,247 INFO org.apache.juli.logging.DirectJDKLog [main] Initializing ProtocolHandler ["http-nio-8080"]
2021-06-11 08:24:18,247 INFO org.apache.juli.logging.DirectJDKLog [main] Starting service [Tomcat]
2021-06-11 08:24:18,247 INFO org.apache.juli.logging.DirectJDKLog [main] Starting Servlet engine: [Apache Tomcat/9.0.46]
2021-06-11 08:24:18,375 INFO org.apache.juli.logging.DirectJDKLog [main] Initializing Spring embedded WebApplicationContext
2021-06-11 08:24:18,375 INFO org.springframework.boot.web.servlet.context.ServletWebServerApplicationContext [main] Root WebApplicationContext: initialization completed in 1335 ms
2021-06-11 08:24:18,545 INFO com.zaxxer.hikari.HikariDataSource [main] HikariPool-1 - Starting...
2021-06-11 08:24:18,879 INFO com.zaxxer.hikari.HikariDataSource [main] HikariPool-1 - Start completed.
2021-06-11 08:24:18,915 INFO org.hibernate.jpa.internal.util.LogHelper [main] HHH000204: Processing PersistenceUnitInfo [name: default]
2021-06-11 08:24:18,977 INFO org.hibernate.Version [main] HHH000412: Hibernate ORM core version 5.4.31.Final
2021-06-11 08:24:19,131 INFO org.hibernate.annotations.common.reflection.java.JavaReflectionManager [main] HCANN000001: Hibernate Commons Annotations {5.1.2.Final}
2021-06-11 08:24:19,278 INFO org.hibernate.dialect.Dialect [main] HHH000400: Using dialect: org.hibernate.dialect.Oracle12cDialect
2021-06-11 08:24:19,949 INFO org.hibernate.engine.transaction.jta.platform.internal.JtaPlatformInitiator [main] HHH000490: Using JtaPlatform implementation: [org.hibernate.engine.transaction.jta.platform.internal.NoJtaPlatform]
2021-06-11 08:24:19,965 INFO org.springframework.orm.jpa.AbstractEntityManagerFactoryBean [main] Initialized JPA EntityManagerFactory for persistence unit 'default'
2021-06-11 08:24:20,767 WARN org.springframework.boot.autoconfigure.orm.jpa.JpaBaseConfiguration$JpaWebConfiguration [main] spring.jpa.open-in-view is enabled by default. Therefore, database queries may be performed during view rendering. Explicitly configure spring.jpa.open-in-view to disable this warning
2021-06-11 08:24:21,099 WARN org.apache.camel.impl.engine.DefaultCamelBeanPostProcessor [main] No CamelContext defined yet so cannot inject into bean: org.apache.camel.spring.converter.ResourceConverterLoader
2021-06-11 08:24:21,114 WARN org.apache.camel.impl.engine.DefaultCamelBeanPostProcessor [main] No CamelContext defined yet so cannot inject into bean: org.apache.camel.converter.CamelBaseBulkConverterLoader
2021-06-11 08:24:21,121 WARN org.apache.camel.impl.engine.DefaultCamelBeanPostProcessor [main] No CamelContext defined yet so cannot inject into bean: org.apache.camel.converter.jaxp.CamelXmlJaxpBulkConverterLoader
2021-06-11 08:24:21,121 WARN org.apache.camel.impl.engine.DefaultCamelBeanPostProcessor [main] No CamelContext defined yet so cannot inject into bean: org.apache.camel.component.file.GenericFileConverterLoader
2021-06-11 08:24:21,121 WARN org.apache.camel.impl.engine.DefaultCamelBeanPostProcessor [main] No CamelContext defined yet so cannot inject into bean: org.apache.camel.component.mail.MailConvertersLoader
2021-06-11 08:24:21,121 WARN org.apache.camel.impl.engine.DefaultCamelBeanPostProcessor [main] No CamelContext defined yet so cannot inject into bean: org.apache.camel.converter.stream.StreamCacheBulkConverterLoader
2021-06-11 08:24:21,121 WARN org.apache.camel.impl.engine.DefaultCamelBeanPostProcessor [main] No CamelContext defined yet so cannot inject into bean: org.apache.camel.attachment.AttachmentConverterLoader
2021-06-11 08:24:21,368 INFO org.apache.juli.logging.DirectJDKLog [main] Starting ProtocolHandler ["http-nio-8080"]
2021-06-11 08:24:21,384 INFO org.springframework.boot.web.embedded.tomcat.TomcatWebServer [main] Tomcat started on port(s): 8080 (http) with context path ''
2021-06-11 08:24:21,701 INFO org.apache.camel.impl.engine.AbstractCamelContext [main] Routes startup summary (total:5 started:5)
2021-06-11 08:24:21,701 INFO org.apache.camel.impl.engine.AbstractCamelContext [main]     Started route1 (timer://timer1)
2021-06-11 08:24:21,701 INFO org.apache.camel.impl.engine.AbstractCamelContext [main]     Started route2 (direct://sendmethod)
2021-06-11 08:24:21,701 INFO org.apache.camel.impl.engine.AbstractCamelContext [main]     Started route3 (direct://ftp)
2021-06-11 08:24:21,701 INFO org.apache.camel.impl.engine.AbstractCamelContext [main]     Started route4 (direct://email)
2021-06-11 08:24:21,701 INFO org.apache.camel.impl.engine.AbstractCamelContext [main]     Started route5 (direct://dead)
2021-06-11 08:24:21,701 INFO org.apache.camel.impl.engine.AbstractCamelContext [main] Apache Camel 3.10.0 (camel-1) started in 255ms (build:38ms init:170ms start:47ms)
2021-06-11 08:25:05,925 WARN org.apache.camel.component.file.remote.RemoteFileProducer [Camel (camel-1) thread #0 - timer://timer1] Writing file failed with: File operation failed: null connect timed out. Code: 0
2021-06-11 08:25:06,010 INFO org.apache.camel.spi.CamelLogger [Camel (camel-1) thread #0 - timer://timer1] org.apache.camel.component.file.GenericFileOperationFailedException: File operation failed: null connect timed out. Code: 0
	at org.apache.camel.component.file.remote.FtpOperations.doConnect(FtpOperations.java:166)
	at org.apache.camel.component.file.remote.FtpOperations.connect(FtpOperations.java:94)
	at org.apache.camel.component.file.remote.RemoteFileProducer.connectIfNecessary(RemoteFileProducer.java:188)
	at org.apache.camel.component.file.remote.RemoteFileProducer.preWriteCheck(RemoteFileProducer.java:137)
	at org.apache.camel.component.file.GenericFileProducer.processExchange(GenericFileProducer.java:113)
	at org.apache.camel.component.file.remote.RemoteFileProducer.process(RemoteFileProducer.java:60)
	at org.apache.camel.support.AsyncProcessorConverterHelper$ProcessorToAsyncProcessorBridge.process(AsyncProcessorConverterHelper.java:66)
	at org.apache.camel.processor.SendDynamicProcessor.lambda$process$0(SendDynamicProcessor.java:197)
	at org.apache.camel.support.cache.DefaultProducerCache.doInAsyncProducer(DefaultProducerCache.java:318)
	at org.apache.camel.processor.SendDynamicProcessor.process(SendDynamicProcessor.java:182)
	at org.apache.camel.processor.errorhandler.RedeliveryErrorHandler$RedeliveryTask.doRun(RedeliveryErrorHandler.java:804)
	at org.apache.camel.processor.errorhandler.RedeliveryErrorHandler$RedeliveryTask.run(RedeliveryErrorHandler.java:712)
	at org.apache.camel.impl.engine.DefaultReactiveExecutor$Worker.schedule(DefaultReactiveExecutor.java:179)
	at org.apache.camel.impl.engine.DefaultReactiveExecutor.scheduleMain(DefaultReactiveExecutor.java:64)
	at org.apache.camel.processor.Pipeline.process(Pipeline.java:184)
	at org.apache.camel.impl.engine.CamelInternalProcessor.process(CamelInternalProcessor.java:398)
	at org.apache.camel.component.timer.TimerConsumer.sendTimerExchange(TimerConsumer.java:209)
	at org.apache.camel.component.timer.TimerConsumer$1.run(TimerConsumer.java:76)
	at java.util.TimerThread.mainLoop(Timer.java:555)
	at java.util.TimerThread.run(Timer.java:505)
Caused by: java.net.SocketTimeoutException: connect timed out
	at java.net.DualStackPlainSocketImpl.waitForConnect(Native Method)
	at java.net.DualStackPlainSocketImpl.socketConnect(DualStackPlainSocketImpl.java:85)
	at java.net.AbstractPlainSocketImpl.doConnect(AbstractPlainSocketImpl.java:350)
	at java.net.AbstractPlainSocketImpl.connectToAddress(AbstractPlainSocketImpl.java:206)
	at java.net.AbstractPlainSocketImpl.connect(AbstractPlainSocketImpl.java:188)
	at java.net.PlainSocketImpl.connect(PlainSocketImpl.java:172)
	at java.net.SocksSocketImpl.connect(SocksSocketImpl.java:392)
	at java.net.Socket.connect(Socket.java:589)
	at org.apache.commons.net.SocketClient._connect(SocketClient.java:253)
	at org.apache.commons.net.SocketClient.connect(SocketClient.java:212)
	at org.apache.camel.component.file.remote.FtpOperations.doConnect(FtpOperations.java:133)
	... 19 more

2021-06-11 08:25:07,019 INFO org.apache.camel.spi.CamelLogger [Camel (camel-1) thread #0 - timer://timer1] org.apache.camel.CamelExchangeException: Error occurred during aggregation. Exchange[7B27215A7186E15-0000000000000001]. Caused by: [java.lang.NullPointerException - null]
	at org.apache.camel.processor.PollEnricher.process(PollEnricher.java:349)
	at org.apache.camel.processor.errorhandler.RedeliveryErrorHandler$RedeliveryTask.doRun(RedeliveryErrorHandler.java:804)
	at org.apache.camel.processor.errorhandler.RedeliveryErrorHandler$RedeliveryTask.run(RedeliveryErrorHandler.java:712)
	at org.apache.camel.impl.engine.DefaultReactiveExecutor$Worker.schedule(DefaultReactiveExecutor.java:179)
	at org.apache.camel.impl.engine.DefaultReactiveExecutor.scheduleMain(DefaultReactiveExecutor.java:64)
	at org.apache.camel.processor.Pipeline.process(Pipeline.java:184)
	at org.apache.camel.impl.engine.CamelInternalProcessor.process(CamelInternalProcessor.java:398)
	at org.apache.camel.component.timer.TimerConsumer.sendTimerExchange(TimerConsumer.java:209)
	at org.apache.camel.component.timer.TimerConsumer$1.run(TimerConsumer.java:76)
	at java.util.TimerThread.mainLoop(Timer.java:555)
	at java.util.TimerThread.run(Timer.java:505)
Caused by: java.lang.NullPointerException
	at bman.scrp.processor.KeepHeaderAggr.aggregate(KeepHeaderAggr.java:21)
	at org.apache.camel.processor.PollEnricher.process(PollEnricher.java:316)
	... 10 more

2021-06-11 08:25:07,019 WARN org.apache.camel.spi.CamelLogger [Camel (camel-1) thread #0 - timer://timer1] Error processing exchange. Exchange[7B27215A7186E15-0000000000000001]. Caused by: [org.apache.camel.CamelExchangeException - Error occurred during aggregation. Exchange[7B27215A7186E15-0000000000000001]. Caused by: [java.lang.NullPointerException - null]]
org.apache.camel.CamelExchangeException: Error occurred during aggregation. Exchange[7B27215A7186E15-0000000000000001]. Caused by: [java.lang.NullPointerException - null]
	at org.apache.camel.processor.PollEnricher.process(PollEnricher.java:349)
	at org.apache.camel.processor.errorhandler.RedeliveryErrorHandler$RedeliveryTask.doRun(RedeliveryErrorHandler.java:804)
	at org.apache.camel.processor.errorhandler.RedeliveryErrorHandler$RedeliveryTask.run(RedeliveryErrorHandler.java:712)
	at org.apache.camel.impl.engine.DefaultReactiveExecutor$Worker.schedule(DefaultReactiveExecutor.java:179)
	at org.apache.camel.impl.engine.DefaultReactiveExecutor.scheduleMain(DefaultReactiveExecutor.java:64)
	at org.apache.camel.processor.Pipeline.process(Pipeline.java:184)
	at org.apache.camel.impl.engine.CamelInternalProcessor.process(CamelInternalProcessor.java:398)
	at org.apache.camel.component.timer.TimerConsumer.sendTimerExchange(TimerConsumer.java:209)
	at org.apache.camel.component.timer.TimerConsumer$1.run(TimerConsumer.java:76)
	at java.util.TimerThread.mainLoop(Timer.java:555)
	at java.util.TimerThread.run(Timer.java:505)
Caused by: java.lang.NullPointerException: null
	at bman.scrp.processor.KeepHeaderAggr.aggregate(KeepHeaderAggr.java:21)
	at org.apache.camel.processor.PollEnricher.process(PollEnricher.java:316)
	... 10 common frames omitted
2021-06-11 08:26:19,066 WARN org.apache.camel.component.file.remote.RemoteFileProducer [Camel (camel-1) thread #0 - timer://timer1] Writing file failed with: File operation failed: null connect timed out. Code: 0
2021-06-11 08:26:19,069 INFO org.apache.camel.spi.CamelLogger [Camel (camel-1) thread #0 - timer://timer1] org.apache.camel.component.file.GenericFileOperationFailedException: File operation failed: null connect timed out. Code: 0
	at org.apache.camel.component.file.remote.FtpOperations.doConnect(FtpOperations.java:166)
	at org.apache.camel.component.file.remote.FtpOperations.connect(FtpOperations.java:94)
	at org.apache.camel.component.file.remote.RemoteFileProducer.connectIfNecessary(RemoteFileProducer.java:188)
	at org.apache.camel.component.file.remote.RemoteFileProducer.preWriteCheck(RemoteFileProducer.java:137)
	at org.apache.camel.component.file.GenericFileProducer.processExchange(GenericFileProducer.java:113)
	at org.apache.camel.component.file.remote.RemoteFileProducer.process(RemoteFileProducer.java:60)
	at org.apache.camel.support.AsyncProcessorConverterHelper$ProcessorToAsyncProcessorBridge.process(AsyncProcessorConverterHelper.java:66)
	at org.apache.camel.processor.SendDynamicProcessor.lambda$process$0(SendDynamicProcessor.java:197)
	at org.apache.camel.support.cache.DefaultProducerCache.doInAsyncProducer(DefaultProducerCache.java:318)
	at org.apache.camel.processor.SendDynamicProcessor.process(SendDynamicProcessor.java:182)
	at org.apache.camel.processor.errorhandler.RedeliveryErrorHandler$RedeliveryTask.doRun(RedeliveryErrorHandler.java:804)
	at org.apache.camel.processor.errorhandler.RedeliveryErrorHandler$RedeliveryTask.run(RedeliveryErrorHandler.java:712)
	at org.apache.camel.impl.engine.DefaultReactiveExecutor$Worker.schedule(DefaultReactiveExecutor.java:179)
	at org.apache.camel.impl.engine.DefaultReactiveExecutor.scheduleMain(DefaultReactiveExecutor.java:64)
	at org.apache.camel.processor.Pipeline.process(Pipeline.java:184)
	at org.apache.camel.impl.engine.CamelInternalProcessor.process(CamelInternalProcessor.java:398)
	at org.apache.camel.component.timer.TimerConsumer.sendTimerExchange(TimerConsumer.java:209)
	at org.apache.camel.component.timer.TimerConsumer$1.run(TimerConsumer.java:76)
	at java.util.TimerThread.mainLoop(Timer.java:555)
	at java.util.TimerThread.run(Timer.java:505)
Caused by: java.net.SocketTimeoutException: connect timed out
	at java.net.DualStackPlainSocketImpl.waitForConnect(Native Method)
	at java.net.DualStackPlainSocketImpl.socketConnect(DualStackPlainSocketImpl.java:85)
	at java.net.AbstractPlainSocketImpl.doConnect(AbstractPlainSocketImpl.java:350)
	at java.net.AbstractPlainSocketImpl.connectToAddress(AbstractPlainSocketImpl.java:206)
	at java.net.AbstractPlainSocketImpl.connect(AbstractPlainSocketImpl.java:188)
	at java.net.PlainSocketImpl.connect(PlainSocketImpl.java:172)
	at java.net.SocksSocketImpl.connect(SocksSocketImpl.java:392)
	at java.net.Socket.connect(Socket.java:589)
	at org.apache.commons.net.SocketClient._connect(SocketClient.java:253)
	at org.apache.commons.net.SocketClient.connect(SocketClient.java:212)
	at org.apache.camel.component.file.remote.FtpOperations.doConnect(FtpOperations.java:133)
	... 19 more

2021-06-11 08:37:53,589 INFO org.springframework.data.repository.config.RepositoryConfigurationDelegate [main] Bootstrapping Spring Data JPA repositories in DEFAULT mode.
2021-06-11 08:37:53,681 INFO org.springframework.data.repository.config.RepositoryConfigurationDelegate [main] Finished Spring Data repository scanning in 72 ms. Found 3 JPA repository interfaces.
2021-06-11 08:37:54,522 INFO com.zaxxer.hikari.HikariDataSource [main] HikariPool-1 - Starting...
2021-06-11 08:37:56,095 INFO com.zaxxer.hikari.HikariDataSource [main] HikariPool-1 - Start completed.
2021-06-11 08:37:56,177 INFO org.hibernate.jpa.internal.util.LogHelper [main] HHH000204: Processing PersistenceUnitInfo [name: default]
2021-06-11 08:37:56,327 INFO org.hibernate.Version [main] HHH000412: Hibernate ORM core version 5.4.31.Final
2021-06-11 08:37:56,596 INFO org.hibernate.annotations.common.reflection.java.JavaReflectionManager [main] HCANN000001: Hibernate Commons Annotations {5.1.2.Final}
2021-06-11 08:37:56,759 INFO org.hibernate.dialect.Dialect [main] HHH000400: Using dialect: org.hibernate.dialect.Oracle12cDialect
2021-06-11 08:37:57,678 INFO org.hibernate.engine.transaction.jta.platform.internal.JtaPlatformInitiator [main] HHH000490: Using JtaPlatform implementation: [org.hibernate.engine.transaction.jta.platform.internal.NoJtaPlatform]
2021-06-11 08:37:57,709 INFO org.springframework.orm.jpa.AbstractEntityManagerFactoryBean [main] Initialized JPA EntityManagerFactory for persistence unit 'default'
2021-06-11 08:37:59,007 WARN org.springframework.boot.autoconfigure.orm.jpa.JpaBaseConfiguration$JpaWebConfiguration [main] spring.jpa.open-in-view is enabled by default. Therefore, database queries may be performed during view rendering. Explicitly configure spring.jpa.open-in-view to disable this warning
2021-06-11 08:37:59,882 WARN org.apache.camel.impl.engine.DefaultCamelBeanPostProcessor [main] No CamelContext defined yet so cannot inject into bean: org.apache.camel.spring.converter.ResourceConverterLoader
2021-06-11 08:37:59,892 WARN org.apache.camel.impl.engine.DefaultCamelBeanPostProcessor [main] No CamelContext defined yet so cannot inject into bean: org.apache.camel.converter.CamelBaseBulkConverterLoader
2021-06-11 08:37:59,902 WARN org.apache.camel.impl.engine.DefaultCamelBeanPostProcessor [main] No CamelContext defined yet so cannot inject into bean: org.apache.camel.converter.jaxp.CamelXmlJaxpBulkConverterLoader
2021-06-11 08:37:59,910 WARN org.apache.camel.impl.engine.DefaultCamelBeanPostProcessor [main] No CamelContext defined yet so cannot inject into bean: org.apache.camel.component.file.GenericFileConverterLoader
2021-06-11 08:37:59,912 WARN org.apache.camel.impl.engine.DefaultCamelBeanPostProcessor [main] No CamelContext defined yet so cannot inject into bean: org.apache.camel.component.mail.MailConvertersLoader
2021-06-11 08:37:59,923 WARN org.apache.camel.impl.engine.DefaultCamelBeanPostProcessor [main] No CamelContext defined yet so cannot inject into bean: org.apache.camel.converter.stream.StreamCacheBulkConverterLoader
2021-06-11 08:37:59,933 WARN org.apache.camel.impl.engine.DefaultCamelBeanPostProcessor [main] No CamelContext defined yet so cannot inject into bean: org.apache.camel.attachment.AttachmentConverterLoader
2021-06-11 08:38:01,307 INFO org.apache.camel.impl.engine.AbstractCamelContext [main] Routes startup summary (total:5 started:5)
2021-06-11 08:38:01,307 INFO org.apache.camel.impl.engine.AbstractCamelContext [main]     Started route1 (timer://timer1)
2021-06-11 08:38:01,315 INFO org.apache.camel.impl.engine.AbstractCamelContext [main]     Started route2 (direct://sendmethod)
2021-06-11 08:38:01,316 INFO org.apache.camel.impl.engine.AbstractCamelContext [main]     Started route3 (direct://ftp)
2021-06-11 08:38:01,317 INFO org.apache.camel.impl.engine.AbstractCamelContext [main]     Started route4 (direct://email)
2021-06-11 08:38:01,317 INFO org.apache.camel.impl.engine.AbstractCamelContext [main]     Started route5 (direct://dead)
2021-06-11 08:38:01,317 INFO org.apache.camel.impl.engine.AbstractCamelContext [main] Apache Camel 3.10.0 (camel-1) started in 560ms (build:92ms init:356ms start:112ms)
2021-06-11 08:38:01,510 INFO org.apache.camel.impl.engine.AbstractCamelContext [SpringContextShutdownHook] Apache Camel 3.10.0 (camel-1) shutting down (timeout:45s)
2021-06-11 08:38:01,520 WARN org.apache.camel.impl.engine.AbstractCamelContext [SpringContextShutdownHook] Error occurred while shutting down routes. This exception will be ignored.
org.apache.camel.RuntimeCamelException: java.lang.NullPointerException
	at org.apache.camel.RuntimeCamelException.wrapRuntimeCamelException(RuntimeCamelException.java:51)
	at org.apache.camel.impl.engine.DefaultShutdownStrategy.doShutdown(DefaultShutdownStrategy.java:224)
	at org.apache.camel.impl.engine.DefaultShutdownStrategy.shutdownForced(DefaultShutdownStrategy.java:148)
	at org.apache.camel.impl.engine.AbstractCamelContext.doStop(AbstractCamelContext.java:3207)
	at org.apache.camel.spring.boot.SpringBootCamelContext.doStop(SpringBootCamelContext.java:61)
	at org.apache.camel.support.service.BaseService.stop(BaseService.java:160)
	at org.apache.camel.impl.engine.AbstractCamelContext.stop(AbstractCamelContext.java:2548)
	at org.apache.camel.spring.SpringCamelContext.stop(SpringCamelContext.java:116)
	at org.springframework.context.support.DefaultLifecycleProcessor.doStop(DefaultLifecycleProcessor.java:247)
	at org.springframework.context.support.DefaultLifecycleProcessor.access$300(DefaultLifecycleProcessor.java:54)
	at org.springframework.context.support.DefaultLifecycleProcessor$LifecycleGroup.stop(DefaultLifecycleProcessor.java:373)
	at org.springframework.context.support.DefaultLifecycleProcessor.stopBeans(DefaultLifecycleProcessor.java:206)
	at org.springframework.context.support.DefaultLifecycleProcessor.onClose(DefaultLifecycleProcessor.java:129)
	at org.springframework.context.support.AbstractApplicationContext.doClose(AbstractApplicationContext.java:1067)
	at org.springframework.context.support.AbstractApplicationContext$1.run(AbstractApplicationContext.java:991)
Caused by: java.lang.NullPointerException: null
	at org.apache.camel.processor.LoopProcessor.getPendingExchangesSize(LoopProcessor.java:95)
	at org.apache.camel.impl.engine.DefaultShutdownStrategy.getPendingInflightExchanges(DefaultShutdownStrategy.java:776)
	at org.apache.camel.impl.engine.DefaultShutdownStrategy$ShutdownTask.run(DefaultShutdownStrategy.java:669)
	at java.util.concurrent.Executors$RunnableAdapter.call(Executors.java:511)
	at java.util.concurrent.FutureTask.run(FutureTask.java:266)
	at java.util.concurrent.ThreadPoolExecutor.runWorker(ThreadPoolExecutor.java:1149)
	at java.util.concurrent.ThreadPoolExecutor$Worker.run(ThreadPoolExecutor.java:624)
	at java.lang.Thread.run(Thread.java:748)
2021-06-11 08:38:01,530 INFO org.apache.camel.impl.engine.AbstractCamelContext [SpringContextShutdownHook] Routes shutdown summary (total:5 stopped:5)
2021-06-11 08:38:01,530 INFO org.apache.camel.impl.engine.AbstractCamelContext [SpringContextShutdownHook]     Stopped route5 (direct://dead)
2021-06-11 08:38:01,530 INFO org.apache.camel.impl.engine.AbstractCamelContext [SpringContextShutdownHook]     Stopped route4 (direct://email)
2021-06-11 08:38:01,538 INFO org.apache.camel.impl.engine.AbstractCamelContext [SpringContextShutdownHook]     Stopped route3 (direct://ftp)
2021-06-11 08:38:01,538 INFO org.apache.camel.impl.engine.AbstractCamelContext [SpringContextShutdownHook]     Stopped route2 (direct://sendmethod)
2021-06-11 08:38:01,540 INFO org.apache.camel.impl.engine.AbstractCamelContext [SpringContextShutdownHook]     Stopped route1 (timer://timer1)
2021-06-11 08:38:01,548 INFO org.apache.camel.impl.engine.AbstractCamelContext [SpringContextShutdownHook] Apache Camel 3.10.0 (camel-1) shutdown in 38ms (uptime:343ms)
2021-06-11 08:38:01,551 INFO org.springframework.orm.jpa.AbstractEntityManagerFactoryBean [SpringContextShutdownHook] Closing JPA EntityManagerFactory for persistence unit 'default'
2021-06-11 08:38:01,551 INFO com.zaxxer.hikari.HikariDataSource [SpringContextShutdownHook] HikariPool-1 - Shutdown initiated...
2021-06-11 08:38:01,591 INFO com.zaxxer.hikari.HikariDataSource [SpringContextShutdownHook] HikariPool-1 - Shutdown completed.
2021-06-11 08:38:56,224 INFO org.springframework.boot.admin.SpringApplicationAdminMXBeanRegistrar$SpringApplicationAdmin [RMI TCP Connection(19)-127.0.0.1] Application shutdown requested.
2021-06-11 08:38:56,239 INFO org.apache.camel.impl.engine.AbstractCamelContext [RMI TCP Connection(19)-127.0.0.1] Apache Camel 3.10.0 (camel-1) shutting down (timeout:45s)
2021-06-11 08:38:56,246 INFO org.apache.camel.impl.engine.AbstractCamelContext [RMI TCP Connection(19)-127.0.0.1] Routes shutdown summary (total:5 stopped:5)
2021-06-11 08:38:56,246 INFO org.apache.camel.impl.engine.AbstractCamelContext [RMI TCP Connection(19)-127.0.0.1]     Stopped route5 (direct://dead)
2021-06-11 08:38:56,246 INFO org.apache.camel.impl.engine.AbstractCamelContext [RMI TCP Connection(19)-127.0.0.1]     Stopped route4 (direct://email)
2021-06-11 08:38:56,246 INFO org.apache.camel.impl.engine.AbstractCamelContext [RMI TCP Connection(19)-127.0.0.1]     Stopped route3 (direct://ftp)
2021-06-11 08:38:56,246 INFO org.apache.camel.impl.engine.AbstractCamelContext [RMI TCP Connection(19)-127.0.0.1]     Stopped route2 (direct://sendmethod)
2021-06-11 08:38:56,246 INFO org.apache.camel.impl.engine.AbstractCamelContext [RMI TCP Connection(19)-127.0.0.1]     Stopped route1 (timer://timer1)
2021-06-11 08:38:56,246 INFO org.apache.camel.impl.engine.AbstractCamelContext [RMI TCP Connection(19)-127.0.0.1] Apache Camel 3.10.0 (camel-1) shutdown in 7ms (uptime:14m34s)
2021-06-11 08:38:57,078 INFO org.springframework.orm.jpa.AbstractEntityManagerFactoryBean [RMI TCP Connection(19)-127.0.0.1] Closing JPA EntityManagerFactory for persistence unit 'default'
2021-06-11 08:38:57,078 INFO com.zaxxer.hikari.HikariDataSource [RMI TCP Connection(19)-127.0.0.1] HikariPool-1 - Shutdown initiated...
2021-06-11 08:38:57,089 INFO com.zaxxer.hikari.HikariDataSource [RMI TCP Connection(19)-127.0.0.1] HikariPool-1 - Shutdown completed.
2021-06-11 08:39:16,415 INFO org.springframework.data.repository.config.RepositoryConfigurationDelegate [main] Bootstrapping Spring Data JPA repositories in DEFAULT mode.
2021-06-11 08:39:16,515 INFO org.springframework.data.repository.config.RepositoryConfigurationDelegate [main] Finished Spring Data repository scanning in 77 ms. Found 3 JPA repository interfaces.
2021-06-11 08:39:17,255 INFO com.zaxxer.hikari.HikariDataSource [main] HikariPool-1 - Starting...
2021-06-11 08:39:18,452 INFO com.zaxxer.hikari.HikariDataSource [main] HikariPool-1 - Start completed.
2021-06-11 08:39:18,523 INFO org.hibernate.jpa.internal.util.LogHelper [main] HHH000204: Processing PersistenceUnitInfo [name: default]
2021-06-11 08:39:18,589 INFO org.hibernate.Version [main] HHH000412: Hibernate ORM core version 5.4.31.Final
2021-06-11 08:39:18,859 INFO org.hibernate.annotations.common.reflection.java.JavaReflectionManager [main] HCANN000001: Hibernate Commons Annotations {5.1.2.Final}
2021-06-11 08:39:19,037 INFO org.hibernate.dialect.Dialect [main] HHH000400: Using dialect: org.hibernate.dialect.Oracle12cDialect
2021-06-11 08:39:19,848 INFO org.hibernate.engine.transaction.jta.platform.internal.JtaPlatformInitiator [main] HHH000490: Using JtaPlatform implementation: [org.hibernate.engine.transaction.jta.platform.internal.NoJtaPlatform]
2021-06-11 08:39:19,857 INFO org.springframework.orm.jpa.AbstractEntityManagerFactoryBean [main] Initialized JPA EntityManagerFactory for persistence unit 'default'
2021-06-11 08:39:21,171 WARN org.springframework.boot.autoconfigure.orm.jpa.JpaBaseConfiguration$JpaWebConfiguration [main] spring.jpa.open-in-view is enabled by default. Therefore, database queries may be performed during view rendering. Explicitly configure spring.jpa.open-in-view to disable this warning
2021-06-11 08:39:21,942 WARN org.apache.camel.impl.engine.DefaultCamelBeanPostProcessor [main] No CamelContext defined yet so cannot inject into bean: org.apache.camel.spring.converter.ResourceConverterLoader
2021-06-11 08:39:21,952 WARN org.apache.camel.impl.engine.DefaultCamelBeanPostProcessor [main] No CamelContext defined yet so cannot inject into bean: org.apache.camel.converter.CamelBaseBulkConverterLoader
2021-06-11 08:39:21,963 WARN org.apache.camel.impl.engine.DefaultCamelBeanPostProcessor [main] No CamelContext defined yet so cannot inject into bean: org.apache.camel.converter.jaxp.CamelXmlJaxpBulkConverterLoader
2021-06-11 08:39:21,971 WARN org.apache.camel.impl.engine.DefaultCamelBeanPostProcessor [main] No CamelContext defined yet so cannot inject into bean: org.apache.camel.component.file.GenericFileConverterLoader
2021-06-11 08:39:21,973 WARN org.apache.camel.impl.engine.DefaultCamelBeanPostProcessor [main] No CamelContext defined yet so cannot inject into bean: org.apache.camel.component.mail.MailConvertersLoader
2021-06-11 08:39:21,983 WARN org.apache.camel.impl.engine.DefaultCamelBeanPostProcessor [main] No CamelContext defined yet so cannot inject into bean: org.apache.camel.converter.stream.StreamCacheBulkConverterLoader
2021-06-11 08:39:21,993 WARN org.apache.camel.impl.engine.DefaultCamelBeanPostProcessor [main] No CamelContext defined yet so cannot inject into bean: org.apache.camel.attachment.AttachmentConverterLoader
2021-06-11 08:39:23,324 INFO org.apache.camel.impl.engine.AbstractCamelContext [main] Routes startup summary (total:5 started:5)
2021-06-11 08:39:23,324 INFO org.apache.camel.impl.engine.AbstractCamelContext [main]     Started route1 (timer://timer1)
2021-06-11 08:39:23,329 INFO org.apache.camel.impl.engine.AbstractCamelContext [main]     Started route2 (direct://sendmethod)
2021-06-11 08:39:23,329 INFO org.apache.camel.impl.engine.AbstractCamelContext [main]     Started route3 (direct://ftp)
2021-06-11 08:39:23,330 INFO org.apache.camel.impl.engine.AbstractCamelContext [main]     Started route4 (direct://email)
2021-06-11 08:39:23,330 INFO org.apache.camel.impl.engine.AbstractCamelContext [main]     Started route5 (direct://dead)
2021-06-11 08:39:23,331 INFO org.apache.camel.impl.engine.AbstractCamelContext [main] Apache Camel 3.10.0 (camel-1) started in 555ms (build:101ms init:346ms start:108ms)
2021-06-11 08:39:23,558 INFO org.apache.camel.impl.engine.AbstractCamelContext [SpringContextShutdownHook] Apache Camel 3.10.0 (camel-1) shutting down (timeout:45s)
2021-06-11 08:39:23,569 WARN org.apache.camel.impl.engine.AbstractCamelContext [SpringContextShutdownHook] Error occurred while shutting down routes. This exception will be ignored.
org.apache.camel.RuntimeCamelException: java.lang.NullPointerException
	at org.apache.camel.RuntimeCamelException.wrapRuntimeCamelException(RuntimeCamelException.java:51)
	at org.apache.camel.impl.engine.DefaultShutdownStrategy.doShutdown(DefaultShutdownStrategy.java:224)
	at org.apache.camel.impl.engine.DefaultShutdownStrategy.shutdownForced(DefaultShutdownStrategy.java:148)
	at org.apache.camel.impl.engine.AbstractCamelContext.doStop(AbstractCamelContext.java:3207)
	at org.apache.camel.spring.boot.SpringBootCamelContext.doStop(SpringBootCamelContext.java:61)
	at org.apache.camel.support.service.BaseService.stop(BaseService.java:160)
	at org.apache.camel.impl.engine.AbstractCamelContext.stop(AbstractCamelContext.java:2548)
	at org.apache.camel.spring.SpringCamelContext.stop(SpringCamelContext.java:116)
	at org.springframework.context.support.DefaultLifecycleProcessor.doStop(DefaultLifecycleProcessor.java:247)
	at org.springframework.context.support.DefaultLifecycleProcessor.access$300(DefaultLifecycleProcessor.java:54)
	at org.springframework.context.support.DefaultLifecycleProcessor$LifecycleGroup.stop(DefaultLifecycleProcessor.java:373)
	at org.springframework.context.support.DefaultLifecycleProcessor.stopBeans(DefaultLifecycleProcessor.java:206)
	at org.springframework.context.support.DefaultLifecycleProcessor.onClose(DefaultLifecycleProcessor.java:129)
	at org.springframework.context.support.AbstractApplicationContext.doClose(AbstractApplicationContext.java:1067)
	at org.springframework.context.support.AbstractApplicationContext$1.run(AbstractApplicationContext.java:991)
Caused by: java.lang.NullPointerException: null
	at org.apache.camel.processor.LoopProcessor.getPendingExchangesSize(LoopProcessor.java:95)
	at org.apache.camel.impl.engine.DefaultShutdownStrategy.getPendingInflightExchanges(DefaultShutdownStrategy.java:776)
	at org.apache.camel.impl.engine.DefaultShutdownStrategy$ShutdownTask.run(DefaultShutdownStrategy.java:669)
	at java.util.concurrent.Executors$RunnableAdapter.call(Executors.java:511)
	at java.util.concurrent.FutureTask.run(FutureTask.java:266)
	at java.util.concurrent.ThreadPoolExecutor.runWorker(ThreadPoolExecutor.java:1149)
	at java.util.concurrent.ThreadPoolExecutor$Worker.run(ThreadPoolExecutor.java:624)
	at java.lang.Thread.run(Thread.java:748)
2021-06-11 08:39:23,587 INFO org.apache.camel.impl.engine.AbstractCamelContext [SpringContextShutdownHook] Routes shutdown summary (total:5 stopped:5)
2021-06-11 08:39:23,589 INFO org.apache.camel.impl.engine.AbstractCamelContext [SpringContextShutdownHook]     Stopped route5 (direct://dead)
2021-06-11 08:39:23,589 INFO org.apache.camel.impl.engine.AbstractCamelContext [SpringContextShutdownHook]     Stopped route4 (direct://email)
2021-06-11 08:39:23,589 INFO org.apache.camel.impl.engine.AbstractCamelContext [SpringContextShutdownHook]     Stopped route3 (direct://ftp)
2021-06-11 08:39:23,589 INFO org.apache.camel.impl.engine.AbstractCamelContext [SpringContextShutdownHook]     Stopped route2 (direct://sendmethod)
2021-06-11 08:39:23,589 INFO org.apache.camel.impl.engine.AbstractCamelContext [SpringContextShutdownHook]     Stopped route1 (timer://timer1)
2021-06-11 08:39:23,597 INFO org.apache.camel.impl.engine.AbstractCamelContext [SpringContextShutdownHook] Apache Camel 3.10.0 (camel-1) shutdown in 41ms (uptime:374ms)
2021-06-11 08:39:23,599 INFO org.springframework.orm.jpa.AbstractEntityManagerFactoryBean [SpringContextShutdownHook] Closing JPA EntityManagerFactory for persistence unit 'default'
2021-06-11 08:39:23,609 INFO com.zaxxer.hikari.HikariDataSource [SpringContextShutdownHook] HikariPool-1 - Shutdown initiated...
2021-06-11 08:39:23,629 INFO com.zaxxer.hikari.HikariDataSource [SpringContextShutdownHook] HikariPool-1 - Shutdown completed.
